[setup_venv] repo: /home/edgar.chambilla/DeepLearning/overcooked-py-game
[setup_venv] python module: python3/3.10.2  cuda: cuda/11.8  venv: .venv
Python 3.10.2
Requirement already satisfied: pip in ./.venv/lib/python3.10/site-packages (21.2.4)
Collecting pip
  Using cached pip-26.1.2-py3-none-any.whl (1.8 MB)
Collecting wheel
  Using cached wheel-0.47.0-py3-none-any.whl (32 kB)
Requirement already satisfied: setuptools in ./.venv/lib/python3.10/site-packages (58.1.0)
Collecting setuptools
  Downloading setuptools-83.0.0-py3-none-any.whl (1.0 MB)
Collecting packaging>=24.0
  Using cached packaging-26.2-py3-none-any.whl (100 kB)
Installing collected packages: packaging, wheel, setuptools, pip
  Attempting uninstall: setuptools
    Found existing installation: setuptools 58.1.0
    Uninstalling setuptools-58.1.0:
      Successfully uninstalled setuptools-58.1.0
  Attempting uninstall: pip
    Found existing installation: pip 21.2.4
    Uninstalling pip-21.2.4:
      Successfully uninstalled pip-21.2.4
Successfully installed packaging-26.2 pip-26.1.2 setuptools-83.0.0 wheel-0.47.0
[setup_venv] instalando torch (cu118)...
Looking in indexes: https://download.pytorch.org/whl/cu118
Collecting torch
  Downloading torch-2.7.1%2Bcu118-cp310-cp310-manylinux_2_28_x86_64.whl.metadata (28 kB)
Collecting filelock (from torch)
  Using cached filelock-3.29.0-py3-none-any.whl.metadata (2.0 kB)
Collecting typing-extensions>=4.10.0 (from torch)
  Using cached typing_extensions-4.15.0-py3-none-any.whl.metadata (3.3 kB)
Collecting sympy>=1.13.3 (from torch)
  Using cached sympy-1.14.0-py3-none-any.whl.metadata (12 kB)
Collecting networkx (from torch)
  Using cached networkx-3.4.2-py3-none-any.whl.metadata (6.3 kB)
Collecting jinja2 (from torch)
  Using cached jinja2-3.1.6-py3-none-any.whl.metadata (2.9 kB)
Collecting fsspec (from torch)
  Using cached fsspec-2026.4.0-py3-none-any.whl.metadata (10 kB)
Collecting nvidia-cuda-nvrtc-cu11==11.8.89 (from torch)
  Using cached nvidia_cuda_nvrtc_cu11-11.8.89-py3-none-manylinux1_x86_64.whl (23.2 MB)
Collecting nvidia-cuda-runtime-cu11==11.8.89 (from torch)
  Using cached nvidia_cuda_runtime_cu11-11.8.89-py3-none-manylinux1_x86_64.whl (875 kB)
Collecting nvidia-cuda-cupti-cu11==11.8.87 (from torch)
  Using cached nvidia_cuda_cupti_cu11-11.8.87-py3-none-manylinux1_x86_64.whl (13.1 MB)
Collecting nvidia-cudnn-cu11==9.1.0.70 (from torch)
  Using cached nvidia_cudnn_cu11-9.1.0.70-py3-none-manylinux2014_x86_64.whl (663.9 MB)
Collecting nvidia-cublas-cu11==11.11.3.6 (from torch)
  Using cached nvidia_cublas_cu11-11.11.3.6-py3-none-manylinux1_x86_64.whl (417.9 MB)
Collecting nvidia-cufft-cu11==10.9.0.58 (from torch)
  Using cached nvidia_cufft_cu11-10.9.0.58-py3-none-manylinux1_x86_64.whl (168.4 MB)
Collecting nvidia-curand-cu11==10.3.0.86 (from torch)
  Using cached nvidia_curand_cu11-10.3.0.86-py3-none-manylinux1_x86_64.whl (58.1 MB)
Collecting nvidia-cusolver-cu11==11.4.1.48 (from torch)
  Using cached nvidia_cusolver_cu11-11.4.1.48-py3-none-manylinux1_x86_64.whl (128.2 MB)
Collecting nvidia-cusparse-cu11==11.7.5.86 (from torch)
  Using cached nvidia_cusparse_cu11-11.7.5.86-py3-none-manylinux1_x86_64.whl (204.1 MB)
Collecting nvidia-nccl-cu11==2.21.5 (from torch)
  Using cached nvidia_nccl_cu11-2.21.5-py3-none-manylinux2014_x86_64.whl (147.8 MB)
Collecting nvidia-nvtx-cu11==11.8.86 (from torch)
  Using cached nvidia_nvtx_cu11-11.8.86-py3-none-manylinux1_x86_64.whl (99 kB)
Collecting triton==3.3.1 (from torch)
  Downloading triton-3.3.1-cp310-cp310-manylinux_2_27_x86_64.manylinux_2_28_x86_64.whl.metadata (1.5 kB)
Requirement already satisfied: setuptools>=40.8.0 in ./.venv/lib/python3.10/site-packages (from triton==3.3.1->torch) (83.0.0)
Collecting mpmath<1.4,>=1.1.0 (from sympy>=1.13.3->torch)
  Using cached mpmath-1.3.0-py3-none-any.whl.metadata (8.6 kB)
Collecting MarkupSafe>=2.0 (from jinja2->torch)
  Using cached markupsafe-3.0.3-cp310-cp310-manylinux2014_x86_64.manylinux_2_17_x86_64.manylinux_2_28_x86_64.whl.metadata (2.7 kB)
Downloading torch-2.7.1%2Bcu118-cp310-cp310-manylinux_2_28_x86_64.whl (905.3 MB)
   ━━━━━━━━━━━━━━━━━━━━━━━━━━━━━━━━━━━━━━━━ 905.3/905.3 MB 19.6 MB/s  0:00:43
Downloading triton-3.3.1-cp310-cp310-manylinux_2_27_x86_64.manylinux_2_28_x86_64.whl (155.6 MB)
   ━━━━━━━━━━━━━━━━━━━━━━━━━━━━━━━━━━━━━━━━ 155.6/155.6 MB 21.2 MB/s  0:00:07
Using cached sympy-1.14.0-py3-none-any.whl (6.3 MB)
Using cached mpmath-1.3.0-py3-none-any.whl (536 kB)
Using cached typing_extensions-4.15.0-py3-none-any.whl (44 kB)
Using cached filelock-3.29.0-py3-none-any.whl (39 kB)
Using cached fsspec-2026.4.0-py3-none-any.whl (203 kB)
Using cached jinja2-3.1.6-py3-none-any.whl (134 kB)
Using cached markupsafe-3.0.3-cp310-cp310-manylinux2014_x86_64.manylinux_2_17_x86_64.manylinux_2_28_x86_64.whl (20 kB)
Using cached networkx-3.4.2-py3-none-any.whl (1.7 MB)
Installing collected packages: mpmath, typing-extensions, triton, sympy, nvidia-nvtx-cu11, nvidia-nccl-cu11, nvidia-cusparse-cu11, nvidia-curand-cu11, nvidia-cufft-cu11, nvidia-cuda-runtime-cu11, nvidia-cuda-nvrtc-cu11, nvidia-cuda-cupti-cu11, nvidia-cublas-cu11, networkx, MarkupSafe, fsspec, filelock, nvidia-cusolver-cu11, nvidia-cudnn-cu11, jinja2, torch

Successfully installed MarkupSafe-3.0.3 filelock-3.29.0 fsspec-2026.4.0 jinja2-3.1.6 mpmath-1.3.0 networkx-3.4.2 nvidia-cublas-cu11-11.11.3.6 nvidia-cuda-cupti-cu11-11.8.87 nvidia-cuda-nvrtc-cu11-11.8.89 nvidia-cuda-runtime-cu11-11.8.89 nvidia-cudnn-cu11-9.1.0.70 nvidia-cufft-cu11-10.9.0.58 nvidia-curand-cu11-10.3.0.86 nvidia-cusolver-cu11-11.4.1.48 nvidia-cusparse-cu11-11.7.5.86 nvidia-nccl-cu11-2.21.5 nvidia-nvtx-cu11-11.8.86 sympy-1.14.0 torch-2.7.1+cu118 triton-3.3.1 typing-extensions-4.15.0
[setup_venv] instalando overcooked-ai y dependencias base...
Collecting overcooked-ai (from -r requirements.txt (line 1))
  Downloading overcooked_ai-1.1.0.tar.gz (2.3 MB)
     ━━━━━━━━━━━━━━━━━━━━━━━━━━━━━━━━━━━━━━━━ 2.3/2.3 MB 69.0 MB/s  0:00:00
  Installing build dependencies: started
  Installing build dependencies: finished with status 'done'
  Getting requirements to build wheel: started
  Getting requirements to build wheel: finished with status 'done'
  Preparing metadata (pyproject.toml): started
  Preparing metadata (pyproject.toml): finished with status 'done'
Collecting numpy<2 (from -r requirements.txt (line 2))
  Using cached numpy-1.26.4-cp310-cp310-manylinux_2_17_x86_64.manylinux2014_x86_64.whl.metadata (61 kB)
Collecting PyYAML>=6.0 (from -r requirements.txt (line 3))
  Using cached pyyaml-6.0.3-cp310-cp310-manylinux2014_x86_64.manylinux_2_17_x86_64.manylinux_2_28_x86_64.whl.metadata (2.4 kB)
Collecting Pillow>=10.0 (from -r requirements.txt (line 4))
  Downloading pillow-12.3.0-cp310-cp310-manylinux_2_27_x86_64.manylinux_2_28_x86_64.whl.metadata (9.1 kB)
Collecting imageio>=2.31 (from -r requirements.txt (line 5))
  Using cached imageio-2.37.3-py3-none-any.whl.metadata (9.7 kB)
Collecting scipy (from -r requirements.txt (line 6))
  Using cached scipy-1.15.3-cp310-cp310-manylinux_2_17_x86_64.manylinux2014_x86_64.whl.metadata (61 kB)
Collecting tqdm (from overcooked-ai->-r requirements.txt (line 1))
  Downloading tqdm-4.68.4-py3-none-any.whl.metadata (57 kB)
Collecting gym (from overcooked-ai->-r requirements.txt (line 1))
  Downloading gym-0.26.2.tar.gz (721 kB)
     ━━━━━━━━━━━━━━━━━━━━━━━━━━━━━━━━━━━━━━━━ 721.7/721.7 kB 4.8 MB/s  0:00:00
  Installing build dependencies: started
  Installing build dependencies: finished with status 'done'
  Getting requirements to build wheel: started
  Getting requirements to build wheel: finished with status 'done'
  Preparing metadata (pyproject.toml): started
  Preparing metadata (pyproject.toml): finished with status 'done'
Collecting ipython (from overcooked-ai->-r requirements.txt (line 1))
  Downloading ipython-8.39.0-py3-none-any.whl.metadata (5.1 kB)
Collecting pygame (from overcooked-ai->-r requirements.txt (line 1))
  Downloading pygame-2.6.1-cp310-cp310-manylinux_2_17_x86_64.manylinux2014_x86_64.whl.metadata (12 kB)
Collecting ipywidgets (from overcooked-ai->-r requirements.txt (line 1))
  Using cached ipywidgets-8.1.8-py3-none-any.whl.metadata (2.4 kB)
Collecting cloudpickle>=1.2.0 (from gym->overcooked-ai->-r requirements.txt (line 1))
  Using cached cloudpickle-3.1.2-py3-none-any.whl.metadata (7.1 kB)
Collecting gym_notices>=0.0.4 (from gym->overcooked-ai->-r requirements.txt (line 1))
  Downloading gym_notices-0.1.0-py3-none-any.whl.metadata (1.2 kB)
Collecting decorator (from ipython->overcooked-ai->-r requirements.txt (line 1))
  Downloading decorator-5.3.1-py3-none-any.whl.metadata (3.9 kB)
Collecting exceptiongroup (from ipython->overcooked-ai->-r requirements.txt (line 1))
  Using cached exceptiongroup-1.3.1-py3-none-any.whl.metadata (6.7 kB)
Collecting jedi>=0.16 (from ipython->overcooked-ai->-r requirements.txt (line 1))
  Downloading jedi-0.20.0-py2.py3-none-any.whl.metadata (23 kB)
Collecting matplotlib-inline (from ipython->overcooked-ai->-r requirements.txt (line 1))
  Downloading matplotlib_inline-0.2.2-py3-none-any.whl.metadata (2.4 kB)
Collecting pexpect>4.3 (from ipython->overcooked-ai->-r requirements.txt (line 1))
  Using cached pexpect-4.9.0-py2.py3-none-any.whl.metadata (2.5 kB)
Collecting prompt_toolkit<3.1.0,>=3.0.41 (from ipython->overcooked-ai->-r requirements.txt (line 1))
  Using cached prompt_toolkit-3.0.52-py3-none-any.whl.metadata (6.4 kB)
Collecting pygments>=2.4.0 (from ipython->overcooked-ai->-r requirements.txt (line 1))
  Using cached pygments-2.20.0-py3-none-any.whl.metadata (2.5 kB)
Collecting stack_data (from ipython->overcooked-ai->-r requirements.txt (line 1))
  Using cached stack_data-0.6.3-py3-none-any.whl.metadata (18 kB)
Collecting traitlets>=5.13.0 (from ipython->overcooked-ai->-r requirements.txt (line 1))
  Using cached traitlets-5.15.1-py3-none-any.whl.metadata (10 kB)
Requirement already satisfied: typing_extensions>=4.6 in ./.venv/lib/python3.10/site-packages (from ipython->overcooked-ai->-r requirements.txt (line 1)) (4.15.0)
Collecting wcwidth (from prompt_toolkit<3.1.0,>=3.0.41->ipython->overcooked-ai->-r requirements.txt (line 1))
  Downloading wcwidth-0.8.2-py3-none-any.whl.metadata (43 kB)
Collecting parso<0.9.0,>=0.8.6 (from jedi>=0.16->ipython->overcooked-ai->-r requirements.txt (line 1))
  Downloading parso-0.8.7-py2.py3-none-any.whl.metadata (8.2 kB)
Collecting ptyprocess>=0.5 (from pexpect>4.3->ipython->overcooked-ai->-r requirements.txt (line 1))
  Using cached ptyprocess-0.7.0-py2.py3-none-any.whl.metadata (1.3 kB)
Collecting comm>=0.1.3 (from ipywidgets->overcooked-ai->-r requirements.txt (line 1))
  Using cached comm-0.2.3-py3-none-any.whl.metadata (3.7 kB)
Collecting widgetsnbextension~=4.0.14 (from ipywidgets->overcooked-ai->-r requirements.txt (line 1))
  Using cached widgetsnbextension-4.0.15-py3-none-any.whl.metadata (1.6 kB)
Collecting jupyterlab_widgets~=3.0.15 (from ipywidgets->overcooked-ai->-r requirements.txt (line 1))
  Using cached jupyterlab_widgets-3.0.16-py3-none-any.whl.metadata (20 kB)
Collecting executing>=1.2.0 (from stack_data->ipython->overcooked-ai->-r requirements.txt (line 1))
  Using cached executing-2.2.1-py2.py3-none-any.whl.metadata (8.9 kB)
Collecting asttokens>=2.1.0 (from stack_data->ipython->overcooked-ai->-r requirements.txt (line 1))
  Using cached asttokens-3.0.1-py3-none-any.whl.metadata (4.9 kB)
Collecting pure-eval (from stack_data->ipython->overcooked-ai->-r requirements.txt (line 1))
  Using cached pure_eval-0.2.3-py3-none-any.whl.metadata (6.3 kB)
Using cached numpy-1.26.4-cp310-cp310-manylinux_2_17_x86_64.manylinux2014_x86_64.whl (18.2 MB)
Using cached pyyaml-6.0.3-cp310-cp310-manylinux2014_x86_64.manylinux_2_17_x86_64.manylinux_2_28_x86_64.whl (770 kB)
Downloading pillow-12.3.0-cp310-cp310-manylinux_2_27_x86_64.manylinux_2_28_x86_64.whl (6.9 MB)
   ━━━━━━━━━━━━━━━━━━━━━━━━━━━━━━━━━━━━━━━━ 6.9/6.9 MB 95.9 MB/s  0:00:00
Using cached imageio-2.37.3-py3-none-any.whl (317 kB)
Using cached scipy-1.15.3-cp310-cp310-manylinux_2_17_x86_64.manylinux2014_x86_64.whl (37.7 MB)
Using cached cloudpickle-3.1.2-py3-none-any.whl (22 kB)
Downloading gym_notices-0.1.0-py3-none-any.whl (3.3 kB)
Downloading ipython-8.39.0-py3-none-any.whl (831 kB)
   ━━━━━━━━━━━━━━━━━━━━━━━━━━━━━━━━━━━━━━━━ 831.8/831.8 kB 70.1 MB/s  0:00:00
Using cached prompt_toolkit-3.0.52-py3-none-any.whl (391 kB)
Downloading jedi-0.20.0-py2.py3-none-any.whl (4.9 MB)
   ━━━━━━━━━━━━━━━━━━━━━━━━━━━━━━━━━━━━━━━━ 4.9/4.9 MB 89.3 MB/s  0:00:00
Downloading parso-0.8.7-py2.py3-none-any.whl (107 kB)
Using cached pexpect-4.9.0-py2.py3-none-any.whl (63 kB)
Using cached ptyprocess-0.7.0-py2.py3-none-any.whl (13 kB)
Using cached pygments-2.20.0-py3-none-any.whl (1.2 MB)
Using cached traitlets-5.15.1-py3-none-any.whl (85 kB)
Downloading decorator-5.3.1-py3-none-any.whl (10 kB)
Using cached exceptiongroup-1.3.1-py3-none-any.whl (16 kB)
Using cached ipywidgets-8.1.8-py3-none-any.whl (139 kB)
Using cached jupyterlab_widgets-3.0.16-py3-none-any.whl (914 kB)
Using cached widgetsnbextension-4.0.15-py3-none-any.whl (2.2 MB)
Using cached comm-0.2.3-py3-none-any.whl (7.3 kB)
Downloading matplotlib_inline-0.2.2-py3-none-any.whl (9.5 kB)
Downloading pygame-2.6.1-cp310-cp310-manylinux_2_17_x86_64.manylinux2014_x86_64.whl (14.0 MB)
   ━━━━━━━━━━━━━━━━━━━━━━━━━━━━━━━━━━━━━━━━ 14.0/14.0 MB 36.5 MB/s  0:00:00
Using cached stack_data-0.6.3-py3-none-any.whl (24 kB)
Using cached asttokens-3.0.1-py3-none-any.whl (27 kB)
Using cached executing-2.2.1-py2.py3-none-any.whl (28 kB)
Using cached pure_eval-0.2.3-py3-none-any.whl (11 kB)
Downloading tqdm-4.68.4-py3-none-any.whl (676 kB)
   ━━━━━━━━━━━━━━━━━━━━━━━━━━━━━━━━━━━━━━━━ 676.6/676.6 kB 60.4 MB/s  0:00:00
Downloading wcwidth-0.8.2-py3-none-any.whl (323 kB)
Building wheels for collected packages: overcooked-ai, gym
  Building wheel for overcooked-ai (pyproject.toml): started
  Building wheel for overcooked-ai (pyproject.toml): finished with status 'done'
  Created wheel for overcooked-ai: filename=overcooked_ai-1.1.0-py3-none-any.whl size=2516379 sha256=a7852492184d3bc4164dcd57d95454bbe188bc296049ab973480b668a6dd66be
  Stored in directory: /home/edgar.chambilla/.cache/pip/wheels/9a/25/84/ee64a4b092daff8f241fbe14ef3ae2f8303105ded399e740a3
  Building wheel for gym (pyproject.toml): started
  Building wheel for gym (pyproject.toml): finished with status 'done'
  Created wheel for gym: filename=gym-0.26.2-py3-none-any.whl size=827728 sha256=46fb28a83eaa4d20e7bd6bd2722c9b6676a7bad73c0b8b46df35c258a6c676d2
  Stored in directory: /home/edgar.chambilla/.cache/pip/wheels/b9/22/6d/3e7b32d98451b4cd9d12417052affbeeeea012955d437da1da
Successfully built overcooked-ai gym
Installing collected packages: pure-eval, ptyprocess, gym_notices, widgetsnbextension, wcwidth, traitlets, tqdm, PyYAML, pygments, pygame, Pillow, pexpect, parso, numpy, jupyterlab_widgets, executing, exceptiongroup, decorator, comm, cloudpickle, asttokens, stack_data, scipy, prompt_toolkit, matplotlib-inline, jedi, imageio, gym, ipython, ipywidgets, overcooked-ai

Successfully installed Pillow-12.3.0 PyYAML-6.0.3 asttokens-3.0.1 cloudpickle-3.1.2 comm-0.2.3 decorator-5.3.1 exceptiongroup-1.3.1 executing-2.2.1 gym-0.26.2 gym_notices-0.1.0 imageio-2.37.3 ipython-8.39.0 ipywidgets-8.1.8 jedi-0.20.0 jupyterlab_widgets-3.0.16 matplotlib-inline-0.2.2 numpy-1.26.4 overcooked-ai-1.1.0 parso-0.8.7 pexpect-4.9.0 prompt_toolkit-3.0.52 ptyprocess-0.7.0 pure-eval-0.2.3 pygame-2.6.1 pygments-2.20.0 scipy-1.15.3 stack_data-0.6.3 tqdm-4.68.4 traitlets-5.15.1 wcwidth-0.8.2 widgetsnbextension-4.0.15
[setup_venv] instalando dependencias RL...
Requirement already satisfied: torch in ./.venv/lib/python3.10/site-packages (from -r requirements-rl.txt (line 6)) (2.7.1+cu118)
Collecting stable-baselines3>=2.0 (from -r requirements-rl.txt (line 7))
  Downloading stable_baselines3-2.9.0-py3-none-any.whl.metadata (5.0 kB)
Collecting gymnasium>=0.29 (from -r requirements-rl.txt (line 8))
  Downloading gymnasium-1.3.0-py3-none-any.whl.metadata (10 kB)
Collecting tensorboard (from -r requirements-rl.txt (line 9))
  Using cached tensorboard-2.21.0-py3-none-any.whl.metadata (1.8 kB)
Requirement already satisfied: cloudpickle in ./.venv/lib/python3.10/site-packages (from -r requirements-rl.txt (line 10)) (3.1.2)
Requirement already satisfied: filelock in ./.venv/lib/python3.10/site-packages (from torch->-r requirements-rl.txt (line 6)) (3.29.0)
Requirement already satisfied: typing-extensions>=4.10.0 in ./.venv/lib/python3.10/site-packages (from torch->-r requirements-rl.txt (line 6)) (4.15.0)
Requirement already satisfied: sympy>=1.13.3 in ./.venv/lib/python3.10/site-packages (from torch->-r requirements-rl.txt (line 6)) (1.14.0)
Requirement already satisfied: networkx in ./.venv/lib/python3.10/site-packages (from torch->-r requirements-rl.txt (line 6)) (3.4.2)
Requirement already satisfied: jinja2 in ./.venv/lib/python3.10/site-packages (from torch->-r requirements-rl.txt (line 6)) (3.1.6)
Requirement already satisfied: fsspec in ./.venv/lib/python3.10/site-packages (from torch->-r requirements-rl.txt (line 6)) (2026.4.0)
Requirement already satisfied: nvidia-cuda-nvrtc-cu11==11.8.89 in ./.venv/lib/python3.10/site-packages (from torch->-r requirements-rl.txt (line 6)) (11.8.89)
Requirement already satisfied: nvidia-cuda-runtime-cu11==11.8.89 in ./.venv/lib/python3.10/site-packages (from torch->-r requirements-rl.txt (line 6)) (11.8.89)
Requirement already satisfied: nvidia-cuda-cupti-cu11==11.8.87 in ./.venv/lib/python3.10/site-packages (from torch->-r requirements-rl.txt (line 6)) (11.8.87)
Requirement already satisfied: nvidia-cudnn-cu11==9.1.0.70 in ./.venv/lib/python3.10/site-packages (from torch->-r requirements-rl.txt (line 6)) (9.1.0.70)
Requirement already satisfied: nvidia-cublas-cu11==11.11.3.6 in ./.venv/lib/python3.10/site-packages (from torch->-r requirements-rl.txt (line 6)) (11.11.3.6)
Requirement already satisfied: nvidia-cufft-cu11==10.9.0.58 in ./.venv/lib/python3.10/site-packages (from torch->-r requirements-rl.txt (line 6)) (10.9.0.58)
Requirement already satisfied: nvidia-curand-cu11==10.3.0.86 in ./.venv/lib/python3.10/site-packages (from torch->-r requirements-rl.txt (line 6)) (10.3.0.86)
Requirement already satisfied: nvidia-cusolver-cu11==11.4.1.48 in ./.venv/lib/python3.10/site-packages (from torch->-r requirements-rl.txt (line 6)) (11.4.1.48)
Requirement already satisfied: nvidia-cusparse-cu11==11.7.5.86 in ./.venv/lib/python3.10/site-packages (from torch->-r requirements-rl.txt (line 6)) (11.7.5.86)
Requirement already satisfied: nvidia-nccl-cu11==2.21.5 in ./.venv/lib/python3.10/site-packages (from torch->-r requirements-rl.txt (line 6)) (2.21.5)
Requirement already satisfied: nvidia-nvtx-cu11==11.8.86 in ./.venv/lib/python3.10/site-packages (from torch->-r requirements-rl.txt (line 6)) (11.8.86)
Requirement already satisfied: triton==3.3.1 in ./.venv/lib/python3.10/site-packages (from torch->-r requirements-rl.txt (line 6)) (3.3.1)
Requirement already satisfied: setuptools>=40.8.0 in ./.venv/lib/python3.10/site-packages (from triton==3.3.1->torch->-r requirements-rl.txt (line 6)) (83.0.0)
Requirement already satisfied: numpy<3.0,>=1.20 in ./.venv/lib/python3.10/site-packages (from stable-baselines3>=2.0->-r requirements-rl.txt (line 7)) (1.26.4)
Collecting torch (from -r requirements-rl.txt (line 6))
  Downloading torch-2.13.0-cp310-cp310-manylinux_2_28_x86_64.whl.metadata (38 kB)
Collecting cuda-toolkit==13.0.3 (from cuda-toolkit[cublas,cudart,cufft,cufile,cupti,curand,cusolver,cusparse,nvjitlink,nvrtc,nvtx]==13.0.3; platform_system == "Linux"->torch->-r requirements-rl.txt (line 6))
  Downloading cuda_toolkit-13.0.3.0-py2.py3-none-any.whl.metadata (17 kB)
Collecting cuda-bindings<14,>=13.0.3 (from torch->-r requirements-rl.txt (line 6))
  Downloading cuda_bindings-13.3.1-cp310-cp310-manylinux_2_24_x86_64.manylinux_2_28_x86_64.whl.metadata (2.5 kB)
Collecting nvidia-cudnn-cu13==9.20.0.48 (from torch->-r requirements-rl.txt (line 6))
  Downloading nvidia_cudnn_cu13-9.20.0.48-py3-none-manylinux_2_27_x86_64.whl.metadata (1.9 kB)
Collecting nvidia-cusparselt-cu13==0.8.1 (from torch->-r requirements-rl.txt (line 6))
  Downloading nvidia_cusparselt_cu13-0.8.1-py3-none-manylinux2014_x86_64.whl.metadata (12 kB)
Collecting nvidia-nccl-cu13==2.29.7 (from torch->-r requirements-rl.txt (line 6))
  Downloading nvidia_nccl_cu13-2.29.7-py3-none-manylinux_2_18_x86_64.whl.metadata (2.1 kB)
Collecting nvidia-nvshmem-cu13==3.4.5 (from torch->-r requirements-rl.txt (line 6))
  Using cached nvidia_nvshmem_cu13-3.4.5-py3-none-manylinux2014_x86_64.manylinux_2_17_x86_64.whl.metadata (2.1 kB)
Collecting triton==3.7.1 (from torch->-r requirements-rl.txt (line 6))
  Downloading triton-3.7.1-cp310-cp310-manylinux_2_27_x86_64.manylinux_2_28_x86_64.whl.metadata (1.7 kB)
Collecting nvidia-cuda-nvrtc==13.0.88.* (from cuda-toolkit[cublas,cudart,cufft,cufile,cupti,curand,cusolver,cusparse,nvjitlink,nvrtc,nvtx]==13.0.3; platform_system == "Linux"->torch->-r requirements-rl.txt (line 6))
  Using cached nvidia_cuda_nvrtc-13.0.88-py3-none-manylinux2010_x86_64.manylinux_2_12_x86_64.whl.metadata (1.7 kB)
Collecting nvidia-cublas==13.1.1.3.* (from cuda-toolkit[cublas,cudart,cufft,cufile,cupti,curand,cusolver,cusparse,nvjitlink,nvrtc,nvtx]==13.0.3; platform_system == "Linux"->torch->-r requirements-rl.txt (line 6))
  Downloading nvidia_cublas-13.1.1.3-py3-none-manylinux_2_27_x86_64.whl.metadata (1.8 kB)
Collecting nvidia-cusolver==12.0.4.66.* (from cuda-toolkit[cublas,cudart,cufft,cufile,cupti,curand,cusolver,cusparse,nvjitlink,nvrtc,nvtx]==13.0.3; platform_system == "Linux"->torch->-r requirements-rl.txt (line 6))
  Using cached nvidia_cusolver-12.0.4.66-py3-none-manylinux_2_27_x86_64.whl.metadata (1.8 kB)
Collecting nvidia-cusparse==12.6.3.3.* (from cuda-toolkit[cublas,cudart,cufft,cufile,cupti,curand,cusolver,cusparse,nvjitlink,nvrtc,nvtx]==13.0.3; platform_system == "Linux"->torch->-r requirements-rl.txt (line 6))
  Using cached nvidia_cusparse-12.6.3.3-py3-none-manylinux2014_x86_64.manylinux_2_17_x86_64.whl.metadata (1.8 kB)
Collecting nvidia-nvjitlink<14,>=13.0.88 (from cuda-toolkit[cublas,cudart,cufft,cufile,cupti,curand,cusolver,cusparse,nvjitlink,nvrtc,nvtx]==13.0.3; platform_system == "Linux"->torch->-r requirements-rl.txt (line 6))
  Downloading nvidia_nvjitlink-13.3.33-py3-none-manylinux2010_x86_64.manylinux_2_12_x86_64.whl.metadata (1.8 kB)
Collecting nvidia-curand==10.4.0.35.* (from cuda-toolkit[cublas,cudart,cufft,cufile,cupti,curand,cusolver,cusparse,nvjitlink,nvrtc,nvtx]==13.0.3; platform_system == "Linux"->torch->-r requirements-rl.txt (line 6))
  Using cached nvidia_curand-10.4.0.35-py3-none-manylinux_2_27_x86_64.whl.metadata (1.7 kB)
Collecting nvidia-cuda-cupti==13.0.85.* (from cuda-toolkit[cublas,cudart,cufft,cufile,cupti,curand,cusolver,cusparse,nvjitlink,nvrtc,nvtx]==13.0.3; platform_system == "Linux"->torch->-r requirements-rl.txt (line 6))
  Using cached nvidia_cuda_cupti-13.0.85-py3-none-manylinux_2_25_x86_64.whl.metadata (1.7 kB)
Collecting nvidia-nvtx==13.0.85.* (from cuda-toolkit[cublas,cudart,cufft,cufile,cupti,curand,cusolver,cusparse,nvjitlink,nvrtc,nvtx]==13.0.3; platform_system == "Linux"->torch->-r requirements-rl.txt (line 6))
  Using cached nvidia_nvtx-13.0.85-py3-none-manylinux1_x86_64.manylinux_2_5_x86_64.whl.metadata (1.8 kB)
Collecting nvidia-cufft==12.0.0.61.* (from cuda-toolkit[cublas,cudart,cufft,cufile,cupti,curand,cusolver,cusparse,nvjitlink,nvrtc,nvtx]==13.0.3; platform_system == "Linux"->torch->-r requirements-rl.txt (line 6))
  Using cached nvidia_cufft-12.0.0.61-py3-none-manylinux2014_x86_64.manylinux_2_17_x86_64.whl.metadata (1.8 kB)
Collecting nvidia-cuda-runtime==13.0.96.* (from cuda-toolkit[cublas,cudart,cufft,cufile,cupti,curand,cusolver,cusparse,nvjitlink,nvrtc,nvtx]==13.0.3; platform_system == "Linux"->torch->-r requirements-rl.txt (line 6))
  Using cached nvidia_cuda_runtime-13.0.96-py3-none-manylinux2014_x86_64.manylinux_2_17_x86_64.whl.metadata (1.7 kB)
Collecting nvidia-cufile==1.15.1.6.* (from cuda-toolkit[cublas,cudart,cufft,cufile,cupti,curand,cusolver,cusparse,nvjitlink,nvrtc,nvtx]==13.0.3; platform_system == "Linux"->torch->-r requirements-rl.txt (line 6))
  Using cached nvidia_cufile-1.15.1.6-py3-none-manylinux2014_x86_64.manylinux_2_17_x86_64.whl.metadata (1.7 kB)
Collecting farama-notifications>=0.0.1 (from gymnasium>=0.29->-r requirements-rl.txt (line 8))
  Downloading farama_notifications-0.0.6-py3-none-any.whl.metadata (729 bytes)
Collecting cuda-pathfinder>=1.4.2 (from cuda-bindings<14,>=13.0.3->torch->-r requirements-rl.txt (line 6))
  Downloading cuda_pathfinder-1.5.6-py3-none-any.whl.metadata (1.9 kB)
Collecting absl-py>=0.4 (from tensorboard->-r requirements-rl.txt (line 9))
  Downloading absl_py-2.5.0-py3-none-any.whl.metadata (3.3 kB)
Collecting grpcio<2.0,>=1.74.0 (from tensorboard->-r requirements-rl.txt (line 9))
  Downloading grpcio-1.82.1-cp310-cp310-manylinux2014_x86_64.manylinux_2_17_x86_64.whl.metadata (3.7 kB)
Collecting markdown>=2.6.8 (from tensorboard->-r requirements-rl.txt (line 9))
  Using cached markdown-3.10.2-py3-none-any.whl.metadata (5.1 kB)
Requirement already satisfied: packaging in ./.venv/lib/python3.10/site-packages (from tensorboard->-r requirements-rl.txt (line 9)) (26.2)
Requirement already satisfied: pillow in ./.venv/lib/python3.10/site-packages (from tensorboard->-r requirements-rl.txt (line 9)) (12.3.0)
Collecting protobuf<8.0.0,>=6.31.1 (from tensorboard->-r requirements-rl.txt (line 9))
  Downloading protobuf-7.35.1-cp310-abi3-manylinux2014_x86_64.whl.metadata (595 bytes)
Collecting tensorboard-data-server<0.8.0,>=0.7.0 (from tensorboard->-r requirements-rl.txt (line 9))
  Using cached tensorboard_data_server-0.7.2-py3-none-any.whl.metadata (1.1 kB)
Collecting werkzeug>=1.0.1 (from tensorboard->-r requirements-rl.txt (line 9))
  Using cached werkzeug-3.1.8-py3-none-any.whl.metadata (4.0 kB)
Requirement already satisfied: mpmath<1.4,>=1.1.0 in ./.venv/lib/python3.10/site-packages (from sympy>=1.13.3->torch->-r requirements-rl.txt (line 6)) (1.3.0)
Requirement already satisfied: markupsafe>=2.1.1 in ./.venv/lib/python3.10/site-packages (from werkzeug>=1.0.1->tensorboard->-r requirements-rl.txt (line 9)) (3.0.3)
Downloading stable_baselines3-2.9.0-py3-none-any.whl (187 kB)
Downloading torch-2.13.0-cp310-cp310-manylinux_2_28_x86_64.whl (526.6 MB)
   ━━━━━━━━━━━━━━━━━━━━━━━━━━━━━━━━━━━━━━━━ 526.6/526.6 MB 20.4 MB/s  0:00:24
Downloading cuda_toolkit-13.0.3.0-py2.py3-none-any.whl (2.5 kB)
Downloading nvidia_cudnn_cu13-9.20.0.48-py3-none-manylinux_2_27_x86_64.whl (366.2 MB)
   ━━━━━━━━━━━━━━━━━━━━━━━━━━━━━━━━━━━━━━━━ 366.2/366.2 MB 20.7 MB/s  0:00:17
Downloading nvidia_cusparselt_cu13-0.8.1-py3-none-manylinux2014_x86_64.whl (170.1 MB)
   ━━━━━━━━━━━━━━━━━━━━━━━━━━━━━━━━━━━━━━━━ 170.1/170.1 MB 21.9 MB/s  0:00:07
Downloading nvidia_nccl_cu13-2.29.7-py3-none-manylinux_2_18_x86_64.whl (206.0 MB)
   ━━━━━━━━━━━━━━━━━━━━━━━━━━━━━━━━━━━━━━━━ 206.0/206.0 MB 21.0 MB/s  0:00:09
Using cached nvidia_nvshmem_cu13-3.4.5-py3-none-manylinux2014_x86_64.manylinux_2_17_x86_64.whl (60.4 MB)
Downloading triton-3.7.1-cp310-cp310-manylinux_2_27_x86_64.manylinux_2_28_x86_64.whl (197.6 MB)
   ━━━━━━━━━━━━━━━━━━━━━━━━━━━━━━━━━━━━━━━━ 197.6/197.6 MB 22.4 MB/s  0:00:08
Downloading gymnasium-1.3.0-py3-none-any.whl (953 kB)
   ━━━━━━━━━━━━━━━━━━━━━━━━━━━━━━━━━━━━━━━━ 953.9/953.9 kB 68.7 MB/s  0:00:00
Downloading cuda_bindings-13.3.1-cp310-cp310-manylinux_2_24_x86_64.manylinux_2_28_x86_64.whl (6.7 MB)
   ━━━━━━━━━━━━━━━━━━━━━━━━━━━━━━━━━━━━━━━━ 6.7/6.7 MB 48.5 MB/s  0:00:00
Downloading nvidia_cublas-13.1.1.3-py3-none-manylinux_2_27_x86_64.whl (423.1 MB)
   ━━━━━━━━━━━━━━━━━━━━━━━━━━━━━━━━━━━━━━━━ 423.1/423.1 MB 20.6 MB/s  0:00:20
Using cached nvidia_cuda_cupti-13.0.85-py3-none-manylinux_2_25_x86_64.whl (10.7 MB)
Using cached nvidia_cuda_nvrtc-13.0.88-py3-none-manylinux2010_x86_64.manylinux_2_12_x86_64.whl (90.2 MB)
Using cached nvidia_cuda_runtime-13.0.96-py3-none-manylinux2014_x86_64.manylinux_2_17_x86_64.whl (2.2 MB)
Using cached nvidia_cufft-12.0.0.61-py3-none-manylinux2014_x86_64.manylinux_2_17_x86_64.whl (214.1 MB)
Using cached nvidia_cufile-1.15.1.6-py3-none-manylinux2014_x86_64.manylinux_2_17_x86_64.whl (1.2 MB)
Using cached nvidia_curand-10.4.0.35-py3-none-manylinux_2_27_x86_64.whl (59.5 MB)
Using cached nvidia_cusolver-12.0.4.66-py3-none-manylinux_2_27_x86_64.whl (200.9 MB)
Using cached nvidia_cusparse-12.6.3.3-py3-none-manylinux2014_x86_64.manylinux_2_17_x86_64.whl (145.9 MB)
Downloading nvidia_nvjitlink-13.3.33-py3-none-manylinux2010_x86_64.manylinux_2_12_x86_64.whl (40.7 MB)
   ━━━━━━━━━━━━━━━━━━━━━━━━━━━━━━━━━━━━━━━━ 40.7/40.7 MB 33.0 MB/s  0:00:01
Using cached nvidia_nvtx-13.0.85-py3-none-manylinux1_x86_64.manylinux_2_5_x86_64.whl (148 kB)
Using cached tensorboard-2.21.0-py3-none-any.whl (5.5 MB)
Downloading grpcio-1.82.1-cp310-cp310-manylinux2014_x86_64.manylinux_2_17_x86_64.whl (6.9 MB)
   ━━━━━━━━━━━━━━━━━━━━━━━━━━━━━━━━━━━━━━━━ 6.9/6.9 MB 28.9 MB/s  0:00:00
Downloading protobuf-7.35.1-cp310-abi3-manylinux2014_x86_64.whl (327 kB)
Using cached tensorboard_data_server-0.7.2-py3-none-any.whl (2.4 kB)
Downloading absl_py-2.5.0-py3-none-any.whl (137 kB)
Downloading cuda_pathfinder-1.5.6-py3-none-any.whl (52 kB)
Downloading farama_notifications-0.0.6-py3-none-any.whl (2.9 kB)
Using cached markdown-3.10.2-py3-none-any.whl (108 kB)
Using cached werkzeug-3.1.8-py3-none-any.whl (226 kB)
Installing collected packages: nvidia-cusparselt-cu13, farama-notifications, cuda-toolkit, werkzeug, triton, tensorboard-data-server, protobuf, nvidia-nvtx, nvidia-nvshmem-cu13, nvidia-nvjitlink, nvidia-nccl-cu13, nvidia-curand, nvidia-cufile, nvidia-cuda-runtime, nvidia-cuda-nvrtc, nvidia-cuda-cupti, markdown, gymnasium, grpcio, cuda-pathfinder, absl-py, tensorboard, nvidia-cusparse, nvidia-cufft, nvidia-cublas, cuda-bindings, nvidia-cusolver, nvidia-cudnn-cu13, torch, stable-baselines3
  Attempting uninstall: triton
    Found existing installation: triton 3.3.1
    Uninstalling triton-3.3.1:
      Successfully uninstalled triton-3.3.1
  Attempting uninstall: torch
    Found existing installation: torch 2.7.1+cu118
    Uninstalling torch-2.7.1+cu118:
      Successfully uninstalled torch-2.7.1+cu118

Successfully installed absl-py-2.5.0 cuda-bindings-13.3.1 cuda-pathfinder-1.5.6 cuda-toolkit-13.0.3.0 farama-notifications-0.0.6 grpcio-1.82.1 gymnasium-1.3.0 markdown-3.10.2 nvidia-cublas-13.1.1.3 nvidia-cuda-cupti-13.0.85 nvidia-cuda-nvrtc-13.0.88 nvidia-cuda-runtime-13.0.96 nvidia-cudnn-cu13-9.20.0.48 nvidia-cufft-12.0.0.61 nvidia-cufile-1.15.1.6 nvidia-curand-10.4.0.35 nvidia-cusolver-12.0.4.66 nvidia-cusparse-12.6.3.3 nvidia-cusparselt-cu13-0.8.1 nvidia-nccl-cu13-2.29.7 nvidia-nvjitlink-13.3.33 nvidia-nvshmem-cu13-3.4.5 nvidia-nvtx-13.0.85 protobuf-7.35.1 stable-baselines3-2.9.0 tensorboard-2.21.0 tensorboard-data-server-0.7.2 torch-2.13.0 triton-3.7.1 werkzeug-3.1.8
[setup_venv] verificando imports...
Gym has been unmaintained since 2022 and does not support NumPy 2.0 amongst other critical functionality.
Please upgrade to Gymnasium, the maintained drop-in replacement of Gym, or contact the authors of your software and request that they upgrade.
Users of this version of Gym should be able to simply replace 'import gym' with 'import gymnasium as gym' in the vast majority of cases.
See the migration guide at https://gymnasium.farama.org/introduction/migration_guide/ for additional information.
numpy       1.26.4
overcooked  ok
sb3         2.9.0
gymnasium   1.3.0
torch       2.13.0+cu130 | cuda build: 13.0
[setup_venv] OK
[setup_venv] listo. Activar con: source .venv/bin/activate
